

============================== 2023-04-25 16:57:29.344867 | a381a90e-4418-4f18-ab51-6332695a0f90 ==============================
[0m16:57:29.344867 [info ] [MainThread]: Running with dbt=1.4.5
[0m16:57:29.345543 [debug] [MainThread]: running dbt with arguments {'write_json': True, 'use_colors': True, 'printer_width': 80, 'version_check': True, 'partial_parse': True, 'static_parser': True, 'profiles_dir': '/Users/jackdoyle/.dbt', 'send_anonymous_usage_stats': True, 'quiet': False, 'no_print': False, 'cache_selected_only': False, 'project_name': 'TerraIntellect', 'skip_profile_setup': False, 'which': 'init', 'indirect_selection': 'eager'}
[0m16:57:29.345636 [debug] [MainThread]: Tracking: tracking
[0m16:57:29.362351 [debug] [MainThread]: Sending event: {'category': 'dbt', 'action': 'invocation', 'label': 'start', 'context': [<snowplow_tracker.self_describing_json.SelfDescribingJson object at 0x1086ecfa0>, <snowplow_tracker.self_describing_json.SelfDescribingJson object at 0x108716e20>, <snowplow_tracker.self_describing_json.SelfDescribingJson object at 0x108716fa0>]}
[0m16:57:29.363046 [info ] [MainThread]: Creating dbt configuration folder at /Users/jackdoyle/.dbt
[0m16:57:29.363765 [debug] [MainThread]: Starter project path: /opt/homebrew/Cellar/dbt-postgres/1.4.5/libexec/lib/python3.9/site-packages/dbt/include/starter_project
[0m16:57:49.357878 [info ] [MainThread]: Profile TerraIntellect written to /Users/jackdoyle/.dbt/profiles.yml using target's sample configuration. Once updated, you'll be able to start developing with dbt.
[0m16:57:49.358320 [info ] [MainThread]: 
Your new dbt project "TerraIntellect" was created!

For more information on how to configure the profiles.yml file,
please consult the dbt documentation here:

  https://docs.getdbt.com/docs/configure-your-profile

One more thing:

Need help? Don't hesitate to reach out to us via GitHub issues or on Slack:

  https://community.getdbt.com/

Happy modeling!

[0m16:57:49.358598 [debug] [MainThread]: Sending event: {'category': 'dbt', 'action': 'invocation', 'label': 'end', 'context': [<snowplow_tracker.self_describing_json.SelfDescribingJson object at 0x1086ecfa0>, <snowplow_tracker.self_describing_json.SelfDescribingJson object at 0x106985130>, <snowplow_tracker.self_describing_json.SelfDescribingJson object at 0x1071b0eb0>]}
[0m16:57:49.358798 [debug] [MainThread]: Flushing usage events


============================== 2023-05-02 20:15:47.900645 | 8f0416ca-08f8-4e49-9758-e8427d8ccd91 ==============================
[0m20:15:47.900645 [info ] [MainThread]: Running with dbt=1.4.5
[0m20:15:47.902476 [debug] [MainThread]: running dbt with arguments {'write_json': True, 'use_colors': True, 'printer_width': 80, 'version_check': True, 'partial_parse': True, 'static_parser': True, 'profiles_dir': '/Users/jackdoyle/.dbt', 'send_anonymous_usage_stats': True, 'quiet': False, 'no_print': False, 'cache_selected_only': False, 'config_dir': False, 'which': 'debug', 'indirect_selection': 'eager'}
[0m20:15:47.902622 [debug] [MainThread]: Tracking: tracking
[0m20:15:47.908750 [debug] [MainThread]: Sending event: {'category': 'dbt', 'action': 'invocation', 'label': 'start', 'context': [<snowplow_tracker.self_describing_json.SelfDescribingJson object at 0x1043074c0>, <snowplow_tracker.self_describing_json.SelfDescribingJson object at 0x104307a00>, <snowplow_tracker.self_describing_json.SelfDescribingJson object at 0x104307f70>]}
[0m20:15:47.929850 [debug] [MainThread]: Executing "git --help"
[0m20:15:47.934204 [debug] [MainThread]: STDOUT: "b"usage: git [-v | --version] [-h | --help] [-C <path>] [-c <name>=<value>]\n           [--exec-path[=<path>]] [--html-path] [--man-path] [--info-path]\n           [-p | --paginate | -P | --no-pager] [--no-replace-objects] [--bare]\n           [--git-dir=<path>] [--work-tree=<path>] [--namespace=<name>]\n           [--super-prefix=<path>] [--config-env=<name>=<envvar>]\n           <command> [<args>]\n\nThese are common Git commands used in various situations:\n\nstart a working area (see also: git help tutorial)\n   clone     Clone a repository into a new directory\n   init      Create an empty Git repository or reinitialize an existing one\n\nwork on the current change (see also: git help everyday)\n   add       Add file contents to the index\n   mv        Move or rename a file, a directory, or a symlink\n   restore   Restore working tree files\n   rm        Remove files from the working tree and from the index\n\nexamine the history and state (see also: git help revisions)\n   bisect    Use binary search to find the commit that introduced a bug\n   diff      Show changes between commits, commit and working tree, etc\n   grep      Print lines matching a pattern\n   log       Show commit logs\n   show      Show various types of objects\n   status    Show the working tree status\n\ngrow, mark and tweak your common history\n   branch    List, create, or delete branches\n   commit    Record changes to the repository\n   merge     Join two or more development histories together\n   rebase    Reapply commits on top of another base tip\n   reset     Reset current HEAD to the specified state\n   switch    Switch branches\n   tag       Create, list, delete or verify a tag object signed with GPG\n\ncollaborate (see also: git help workflows)\n   fetch     Download objects and refs from another repository\n   pull      Fetch from and integrate with another repository or a local branch\n   push      Update remote refs along with associated objects\n\n'git help -a' and 'git help -g' list available subcommands and some\nconcept guides. See 'git help <command>' or 'git help <concept>'\nto read about a specific subcommand or concept.\nSee 'git help git' for an overview of the system.\n""
[0m20:15:47.934565 [debug] [MainThread]: STDERR: "b''"
[0m20:15:47.937828 [debug] [MainThread]: Acquiring new postgres connection 'debug'
[0m20:15:47.938174 [debug] [MainThread]: Using postgres connection "debug"
[0m20:15:47.938289 [debug] [MainThread]: On debug: select 1 as id
[0m20:15:47.938426 [debug] [MainThread]: Opening a new connection, currently in state init
[0m20:15:47.958350 [debug] [MainThread]: SQL status: SELECT 1 in 0 seconds
[0m20:15:47.959135 [debug] [MainThread]: On debug: Close
[0m20:15:47.959374 [debug] [MainThread]: Sending event: {'category': 'dbt', 'action': 'invocation', 'label': 'end', 'context': [<snowplow_tracker.self_describing_json.SelfDescribingJson object at 0x102dda910>, <snowplow_tracker.self_describing_json.SelfDescribingJson object at 0x1043ee160>, <snowplow_tracker.self_describing_json.SelfDescribingJson object at 0x1043eb100>]}
[0m20:15:47.959587 [debug] [MainThread]: Flushing usage events
[0m20:15:48.523630 [debug] [MainThread]: Connection 'debug' was properly closed.
